<?xml version="1.0" encoding="UTF-8"?>
<!-- Generated by org.testng.reporters.JUnitReportReporter -->
<testsuite hostname="KGZWhite" failures="0" tests="8" name="demo_dimensions.TestDimensions" time="0.006" errors="0" timestamp="2022-04-23T13:56:11 ICT" skipped="0">
  <testcase classname="demo_dimensions.TestDimensions" name="tc04" time="0.000"/>
  <system-out/>
  <testcase classname="demo_dimensions.TestDimensions" name="tc07" time="0.000"/>
  <system-out/>
  <testcase classname="demo_dimensions.TestDimensions" name="tc08" time="0.000"/>
  <system-out/>
  <testcase classname="demo_dimensions.TestDimensions" name="tc01" time="0.006"/>
  <system-out/>
  <testcase classname="demo_dimensions.TestDimensions" name="tc02" time="0.000"/>
  <system-out/>
  <testcase classname="demo_dimensions.TestDimensions" name="tc03" time="0.000"/>
  <system-out/>
  <testcase classname="demo_dimensions.TestDimensions" name="tc06" time="0.000"/>
  <system-out/>
  <testcase classname="demo_dimensions.TestDimensions" name="tc05" time="0.000"/>
  <system-out/>
</testsuite> <!-- demo_dimensions.TestDimensions -->
