<?xml version="1.0" encoding="UTF-8"?>
<!-- Generated by org.testng.reporters.JUnitReportReporter -->
<testsuite hostname="KGZWhite" failures="0" tests="1" name="demo_dimensions.AppTest" time="0.009" errors="0" timestamp="2022-04-23T13:56:11 ICT" skipped="0">
  <testcase classname="demo_dimensions.AppTest" name="shouldAnswerWithTrue" time="0.009"/>
  <system-out/>
</testsuite> <!-- demo_dimensions.AppTest -->
